{"/home/lifan/Univer/Pweb/Sudoku-CRUD/backend/server.js": {"path":"/home/lifan/Univer/Pweb/Sudoku-CRUD/backend/server.js","statementMap":{"0":{"start":{"line":1,"column":16},"end":{"line":1,"column":34}},"1":{"start":{"line":2,"column":13},"end":{"line":2,"column":28}},"2":{"start":{"line":3,"column":15},"end":{"line":3,"column":32}},"3":{"start":{"line":4,"column":18},"end":{"line":4,"column":47}},"4":{"start":{"line":5,"column":21},"end":{"line":5,"column":45}},"5":{"start":{"line":6,"column":18},"end":{"line":6,"column":47}},"6":{"start":{"line":7,"column":0},"end":{"line":7,"column":27}},"7":{"start":{"line":9,"column":11},"end":{"line":9,"column":39}},"8":{"start":{"line":10,"column":21},"end":{"line":10,"column":57}},"9":{"start":{"line":13,"column":19},"end":{"line":13,"column":43}},"10":{"start":{"line":15,"column":12},"end":{"line":15,"column":21}},"11":{"start":{"line":16,"column":13},"end":{"line":16,"column":37}},"12":{"start":{"line":19,"column":16},"end":{"line":23,"column":2}},"13":{"start":{"line":26,"column":0},"end":{"line":26,"column":18}},"14":{"start":{"line":27,"column":0},"end":{"line":27,"column":16}},"15":{"start":{"line":28,"column":0},"end":{"line":28,"column":17}},"16":{"start":{"line":29,"column":0},"end":{"line":29,"column":41}},"17":{"start":{"line":30,"column":0},"end":{"line":30,"column":48}},"18":{"start":{"line":33,"column":23},"end":{"line":58,"column":1}},"19":{"start":{"line":60,"column":14},"end":{"line":60,"column":42}},"20":{"start":{"line":61,"column":0},"end":{"line":61,"column":62}},"21":{"start":{"line":73,"column":0},"end":{"line":79,"column":3}},"22":{"start":{"line":74,"column":4},"end":{"line":78,"column":7}},"23":{"start":{"line":82,"column":0},"end":{"line":82,"column":29}},"24":{"start":{"line":85,"column":0},"end":{"line":95,"column":3}},"25":{"start":{"line":86,"column":4},"end":{"line":94,"column":7}},"26":{"start":{"line":98,"column":0},"end":{"line":98,"column":22}},"27":{"start":{"line":101,"column":0},"end":{"line":107,"column":3}},"28":{"start":{"line":102,"column":4},"end":{"line":106,"column":7}},"29":{"start":{"line":111,"column":4},"end":{"line":128,"column":5}},"30":{"start":{"line":112,"column":8},"end":{"line":112,"column":27}},"31":{"start":{"line":115,"column":29},"end":{"line":115,"column":62}},"32":{"start":{"line":116,"column":8},"end":{"line":116,"column":29}},"33":{"start":{"line":118,"column":8},"end":{"line":118,"column":71}},"34":{"start":{"line":120,"column":8},"end":{"line":124,"column":11}},"35":{"start":{"line":121,"column":12},"end":{"line":121,"column":61}},"36":{"start":{"line":122,"column":12},"end":{"line":122,"column":83}},"37":{"start":{"line":123,"column":12},"end":{"line":123,"column":76}},"38":{"start":{"line":126,"column":8},"end":{"line":126,"column":56}},"39":{"start":{"line":127,"column":8},"end":{"line":127,"column":24}},"40":{"start":{"line":132,"column":0},"end":{"line":136,"column":3}},"41":{"start":{"line":133,"column":4},"end":{"line":133,"column":48}},"42":{"start":{"line":134,"column":4},"end":{"line":134,"column":15}},"43":{"start":{"line":135,"column":4},"end":{"line":135,"column":20}},"44":{"start":{"line":138,"column":0},"end":{"line":138,"column":14}},"45":{"start":{"line":140,"column":0},"end":{"line":140,"column":21}}},"fnMap":{"0":{"name":"(anonymous_0)","decl":{"start":{"line":73,"column":19},"end":{"line":73,"column":20}},"loc":{"start":{"line":73,"column":33},"end":{"line":79,"column":1}},"line":73},"1":{"name":"(anonymous_1)","decl":{"start":{"line":85,"column":13},"end":{"line":85,"column":14}},"loc":{"start":{"line":85,"column":27},"end":{"line":95,"column":1}},"line":85},"2":{"name":"(anonymous_2)","decl":{"start":{"line":101,"column":13},"end":{"line":101,"column":14}},"loc":{"start":{"line":101,"column":27},"end":{"line":107,"column":1}},"line":101},"3":{"name":"startServer","decl":{"start":{"line":110,"column":15},"end":{"line":110,"column":26}},"loc":{"start":{"line":110,"column":29},"end":{"line":129,"column":1}},"line":110},"4":{"name":"(anonymous_4)","decl":{"start":{"line":120,"column":25},"end":{"line":120,"column":26}},"loc":{"start":{"line":120,"column":31},"end":{"line":124,"column":9}},"line":120},"5":{"name":"(anonymous_5)","decl":{"start":{"line":132,"column":21},"end":{"line":132,"column":22}},"loc":{"start":{"line":132,"column":27},"end":{"line":136,"column":1}},"line":132}},"branchMap":{"0":{"loc":{"start":{"line":16,"column":13},"end":{"line":16,"column":37}},"type":"binary-expr","locations":[{"start":{"line":16,"column":13},"end":{"line":16,"column":29}},{"start":{"line":16,"column":33},"end":{"line":16,"column":37}}],"line":16}},"s":{"0":1,"1":1,"2":1,"3":1,"4":1,"5":1,"6":1,"7":1,"8":1,"9":1,"10":1,"11":1,"12":1,"13":1,"14":1,"15":1,"16":1,"17":1,"18":1,"19":1,"20":1,"21":1,"22":0,"23":1,"24":1,"25":0,"26":1,"27":1,"28":0,"29":1,"30":1,"31":1,"32":1,"33":1,"34":1,"35":1,"36":1,"37":1,"38":0,"39":0,"40":1,"41":0,"42":0,"43":0,"44":1,"45":1},"f":{"0":0,"1":0,"2":0,"3":1,"4":1,"5":0},"b":{"0":[1,0]},"_coverageSchema":"1a1c01bbd47fc00a2c39e90264f33305004495a9","hash":"eb7fa2070dffacf71ed71a91e378ccdc222a1419"}
,"/home/lifan/Univer/Pweb/Sudoku-CRUD/backend/config/permissions.js": {"path":"/home/lifan/Univer/Pweb/Sudoku-CRUD/backend/config/permissions.js","statementMap":{"0":{"start":{"line":2,"column":14},"end":{"line":6,"column":1}},"1":{"start":{"line":9,"column":20},"end":{"line":13,"column":1}},"2":{"start":{"line":16,"column":25},"end":{"line":20,"column":1}},"3":{"start":{"line":23,"column":29},"end":{"line":34,"column":1}},"4":{"start":{"line":38,"column":8},"end":{"line":38,"column":36}},"5":{"start":{"line":38,"column":23},"end":{"line":38,"column":36}},"6":{"start":{"line":40,"column":8},"end":{"line":43,"column":9}},"7":{"start":{"line":41,"column":34},"end":{"line":41,"column":80}},"8":{"start":{"line":42,"column":12},"end":{"line":42,"column":54}},"9":{"start":{"line":45,"column":32},"end":{"line":45,"column":64}},"10":{"start":{"line":46,"column":8},"end":{"line":46,"column":52}},"11":{"start":{"line":50,"column":8},"end":{"line":52,"column":10}},"12":{"start":{"line":51,"column":12},"end":{"line":51,"column":62}},"13":{"start":{"line":56,"column":8},"end":{"line":58,"column":10}},"14":{"start":{"line":57,"column":12},"end":{"line":57,"column":62}},"15":{"start":{"line":62,"column":8},"end":{"line":64,"column":9}},"16":{"start":{"line":63,"column":12},"end":{"line":63,"column":66}},"17":{"start":{"line":65,"column":8},"end":{"line":65,"column":48}},"18":{"start":{"line":69,"column":8},"end":{"line":69,"column":51}},"19":{"start":{"line":73,"column":0},"end":{"line":79,"column":2}}},"fnMap":{"0":{"name":"(anonymous_0)","decl":{"start":{"line":37,"column":4},"end":{"line":37,"column":5}},"loc":{"start":{"line":37,"column":64},"end":{"line":47,"column":5}},"line":37},"1":{"name":"(anonymous_1)","decl":{"start":{"line":49,"column":4},"end":{"line":49,"column":5}},"loc":{"start":{"line":49,"column":68},"end":{"line":53,"column":5}},"line":49},"2":{"name":"(anonymous_2)","decl":{"start":{"line":50,"column":32},"end":{"line":50,"column":33}},"loc":{"start":{"line":51,"column":12},"end":{"line":51,"column":62}},"line":51},"3":{"name":"(anonymous_3)","decl":{"start":{"line":55,"column":4},"end":{"line":55,"column":5}},"loc":{"start":{"line":55,"column":69},"end":{"line":59,"column":5}},"line":55},"4":{"name":"(anonymous_4)","decl":{"start":{"line":56,"column":33},"end":{"line":56,"column":34}},"loc":{"start":{"line":57,"column":12},"end":{"line":57,"column":62}},"line":57},"5":{"name":"(anonymous_5)","decl":{"start":{"line":61,"column":4},"end":{"line":61,"column":5}},"loc":{"start":{"line":61,"column":57},"end":{"line":66,"column":5}},"line":61},"6":{"name":"(anonymous_6)","decl":{"start":{"line":68,"column":4},"end":{"line":68,"column":5}},"loc":{"start":{"line":68,"column":29},"end":{"line":70,"column":5}},"line":68}},"branchMap":{"0":{"loc":{"start":{"line":37,"column":47},"end":{"line":37,"column":62}},"type":"default-arg","locations":[{"start":{"line":37,"column":58},"end":{"line":37,"column":62}}],"line":37},"1":{"loc":{"start":{"line":38,"column":8},"end":{"line":38,"column":36}},"type":"if","locations":[{"start":{"line":38,"column":8},"end":{"line":38,"column":36}},{"start":{},"end":{}}],"line":38},"2":{"loc":{"start":{"line":40,"column":8},"end":{"line":43,"column":9}},"type":"if","locations":[{"start":{"line":40,"column":8},"end":{"line":43,"column":9}},{"start":{},"end":{}}],"line":40},"3":{"loc":{"start":{"line":40,"column":12},"end":{"line":40,"column":54}},"type":"binary-expr","locations":[{"start":{"line":40,"column":12},"end":{"line":40,"column":20}},{"start":{"line":40,"column":24},"end":{"line":40,"column":54}}],"line":40},"4":{"loc":{"start":{"line":41,"column":34},"end":{"line":41,"column":80}},"type":"binary-expr","locations":[{"start":{"line":41,"column":34},"end":{"line":41,"column":74}},{"start":{"line":41,"column":78},"end":{"line":41,"column":80}}],"line":41},"5":{"loc":{"start":{"line":45,"column":32},"end":{"line":45,"column":64}},"type":"binary-expr","locations":[{"start":{"line":45,"column":32},"end":{"line":45,"column":58}},{"start":{"line":45,"column":62},"end":{"line":45,"column":64}}],"line":45},"6":{"loc":{"start":{"line":49,"column":51},"end":{"line":49,"column":66}},"type":"default-arg","locations":[{"start":{"line":49,"column":62},"end":{"line":49,"column":66}}],"line":49},"7":{"loc":{"start":{"line":55,"column":52},"end":{"line":55,"column":67}},"type":"default-arg","locations":[{"start":{"line":55,"column":63},"end":{"line":55,"column":67}}],"line":55},"8":{"loc":{"start":{"line":61,"column":40},"end":{"line":61,"column":55}},"type":"default-arg","locations":[{"start":{"line":61,"column":51},"end":{"line":61,"column":55}}],"line":61},"9":{"loc":{"start":{"line":62,"column":8},"end":{"line":64,"column":9}},"type":"if","locations":[{"start":{"line":62,"column":8},"end":{"line":64,"column":9}},{"start":{},"end":{}}],"line":62},"10":{"loc":{"start":{"line":62,"column":12},"end":{"line":62,"column":54}},"type":"binary-expr","locations":[{"start":{"line":62,"column":12},"end":{"line":62,"column":20}},{"start":{"line":62,"column":24},"end":{"line":62,"column":54}}],"line":62},"11":{"loc":{"start":{"line":63,"column":19},"end":{"line":63,"column":65}},"type":"binary-expr","locations":[{"start":{"line":63,"column":19},"end":{"line":63,"column":59}},{"start":{"line":63,"column":63},"end":{"line":63,"column":65}}],"line":63},"12":{"loc":{"start":{"line":65,"column":15},"end":{"line":65,"column":47}},"type":"binary-expr","locations":[{"start":{"line":65,"column":15},"end":{"line":65,"column":41}},{"start":{"line":65,"column":45},"end":{"line":65,"column":47}}],"line":65}},"s":{"0":1,"1":1,"2":1,"3":1,"4":0,"5":0,"6":0,"7":0,"8":0,"9":0,"10":0,"11":0,"12":0,"13":0,"14":0,"15":0,"16":0,"17":0,"18":0,"19":1},"f":{"0":0,"1":0,"2":0,"3":0,"4":0,"5":0,"6":0},"b":{"0":[0],"1":[0,0],"2":[0,0],"3":[0,0],"4":[0,0],"5":[0,0],"6":[0],"7":[0],"8":[0],"9":[0,0],"10":[0,0],"11":[0,0],"12":[0,0]},"_coverageSchema":"1a1c01bbd47fc00a2c39e90264f33305004495a9","hash":"982cb813aed610ea046a2fd718e54273b919c786"}
,"/home/lifan/Univer/Pweb/Sudoku-CRUD/backend/database/config.js": {"path":"/home/lifan/Univer/Pweb/Sudoku-CRUD/backend/database/config.js","statementMap":{"0":{"start":{"line":1,"column":16},"end":{"line":1,"column":44}},"1":{"start":{"line":2,"column":13},"end":{"line":2,"column":28}},"2":{"start":{"line":4,"column":15},"end":{"line":4,"column":54}},"3":{"start":{"line":8,"column":8},"end":{"line":8,"column":23}},"4":{"start":{"line":12,"column":8},"end":{"line":22,"column":11}},"5":{"start":{"line":13,"column":12},"end":{"line":21,"column":15}},"6":{"start":{"line":14,"column":16},"end":{"line":20,"column":17}},"7":{"start":{"line":15,"column":20},"end":{"line":15,"column":78}},"8":{"start":{"line":16,"column":20},"end":{"line":16,"column":32}},"9":{"start":{"line":18,"column":20},"end":{"line":18,"column":64}},"10":{"start":{"line":19,"column":20},"end":{"line":19,"column":30}},"11":{"start":{"line":26,"column":8},"end":{"line":34,"column":9}},"12":{"start":{"line":27,"column":12},"end":{"line":33,"column":15}},"13":{"start":{"line":28,"column":16},"end":{"line":32,"column":17}},"14":{"start":{"line":29,"column":20},"end":{"line":29,"column":74}},"15":{"start":{"line":31,"column":20},"end":{"line":31,"column":62}},"16":{"start":{"line":38,"column":8},"end":{"line":46,"column":11}},"17":{"start":{"line":39,"column":12},"end":{"line":45,"column":15}},"18":{"start":{"line":40,"column":16},"end":{"line":44,"column":17}},"19":{"start":{"line":41,"column":20},"end":{"line":41,"column":32}},"20":{"start":{"line":43,"column":20},"end":{"line":43,"column":72}},"21":{"start":{"line":50,"column":8},"end":{"line":58,"column":11}},"22":{"start":{"line":51,"column":12},"end":{"line":57,"column":15}},"23":{"start":{"line":52,"column":16},"end":{"line":56,"column":17}},"24":{"start":{"line":53,"column":20},"end":{"line":53,"column":32}},"25":{"start":{"line":55,"column":20},"end":{"line":55,"column":33}},"26":{"start":{"line":62,"column":8},"end":{"line":70,"column":11}},"27":{"start":{"line":63,"column":12},"end":{"line":69,"column":15}},"28":{"start":{"line":64,"column":16},"end":{"line":68,"column":17}},"29":{"start":{"line":65,"column":20},"end":{"line":65,"column":32}},"30":{"start":{"line":67,"column":20},"end":{"line":67,"column":34}},"31":{"start":{"line":74,"column":0},"end":{"line":74,"column":32}}},"fnMap":{"0":{"name":"(anonymous_0)","decl":{"start":{"line":7,"column":4},"end":{"line":7,"column":5}},"loc":{"start":{"line":7,"column":18},"end":{"line":9,"column":5}},"line":7},"1":{"name":"(anonymous_1)","decl":{"start":{"line":11,"column":4},"end":{"line":11,"column":5}},"loc":{"start":{"line":11,"column":14},"end":{"line":23,"column":5}},"line":11},"2":{"name":"(anonymous_2)","decl":{"start":{"line":12,"column":27},"end":{"line":12,"column":28}},"loc":{"start":{"line":12,"column":48},"end":{"line":22,"column":9}},"line":12},"3":{"name":"(anonymous_3)","decl":{"start":{"line":13,"column":51},"end":{"line":13,"column":52}},"loc":{"start":{"line":13,"column":60},"end":{"line":21,"column":13}},"line":13},"4":{"name":"(anonymous_4)","decl":{"start":{"line":25,"column":4},"end":{"line":25,"column":5}},"loc":{"start":{"line":25,"column":12},"end":{"line":35,"column":5}},"line":25},"5":{"name":"(anonymous_5)","decl":{"start":{"line":27,"column":26},"end":{"line":27,"column":27}},"loc":{"start":{"line":27,"column":35},"end":{"line":33,"column":13}},"line":27},"6":{"name":"(anonymous_6)","decl":{"start":{"line":37,"column":4},"end":{"line":37,"column":5}},"loc":{"start":{"line":37,"column":26},"end":{"line":47,"column":5}},"line":37},"7":{"name":"(anonymous_7)","decl":{"start":{"line":38,"column":27},"end":{"line":38,"column":28}},"loc":{"start":{"line":38,"column":48},"end":{"line":46,"column":9}},"line":38},"8":{"name":"(anonymous_8)","decl":{"start":{"line":39,"column":37},"end":{"line":39,"column":38}},"loc":{"start":{"line":39,"column":51},"end":{"line":45,"column":13}},"line":39},"9":{"name":"(anonymous_9)","decl":{"start":{"line":49,"column":4},"end":{"line":49,"column":5}},"loc":{"start":{"line":49,"column":26},"end":{"line":59,"column":5}},"line":49},"10":{"name":"(anonymous_10)","decl":{"start":{"line":50,"column":27},"end":{"line":50,"column":28}},"loc":{"start":{"line":50,"column":48},"end":{"line":58,"column":9}},"line":50},"11":{"name":"(anonymous_11)","decl":{"start":{"line":51,"column":37},"end":{"line":51,"column":38}},"loc":{"start":{"line":51,"column":51},"end":{"line":57,"column":13}},"line":51},"12":{"name":"(anonymous_12)","decl":{"start":{"line":61,"column":4},"end":{"line":61,"column":5}},"loc":{"start":{"line":61,"column":26},"end":{"line":71,"column":5}},"line":61},"13":{"name":"(anonymous_13)","decl":{"start":{"line":62,"column":27},"end":{"line":62,"column":28}},"loc":{"start":{"line":62,"column":48},"end":{"line":70,"column":9}},"line":62},"14":{"name":"(anonymous_14)","decl":{"start":{"line":63,"column":37},"end":{"line":63,"column":38}},"loc":{"start":{"line":63,"column":52},"end":{"line":69,"column":13}},"line":63}},"branchMap":{"0":{"loc":{"start":{"line":14,"column":16},"end":{"line":20,"column":17}},"type":"if","locations":[{"start":{"line":14,"column":16},"end":{"line":20,"column":17}},{"start":{"line":17,"column":23},"end":{"line":20,"column":17}}],"line":14},"1":{"loc":{"start":{"line":26,"column":8},"end":{"line":34,"column":9}},"type":"if","locations":[{"start":{"line":26,"column":8},"end":{"line":34,"column":9}},{"start":{},"end":{}}],"line":26},"2":{"loc":{"start":{"line":28,"column":16},"end":{"line":32,"column":17}},"type":"if","locations":[{"start":{"line":28,"column":16},"end":{"line":32,"column":17}},{"start":{"line":30,"column":23},"end":{"line":32,"column":17}}],"line":28},"3":{"loc":{"start":{"line":37,"column":13},"end":{"line":37,"column":24}},"type":"default-arg","locations":[{"start":{"line":37,"column":22},"end":{"line":37,"column":24}}],"line":37},"4":{"loc":{"start":{"line":40,"column":16},"end":{"line":44,"column":17}},"type":"if","locations":[{"start":{"line":40,"column":16},"end":{"line":44,"column":17}},{"start":{"line":42,"column":23},"end":{"line":44,"column":17}}],"line":40},"5":{"loc":{"start":{"line":49,"column":13},"end":{"line":49,"column":24}},"type":"default-arg","locations":[{"start":{"line":49,"column":22},"end":{"line":49,"column":24}}],"line":49},"6":{"loc":{"start":{"line":52,"column":16},"end":{"line":56,"column":17}},"type":"if","locations":[{"start":{"line":52,"column":16},"end":{"line":56,"column":17}},{"start":{"line":54,"column":23},"end":{"line":56,"column":17}}],"line":52},"7":{"loc":{"start":{"line":61,"column":13},"end":{"line":61,"column":24}},"type":"default-arg","locations":[{"start":{"line":61,"column":22},"end":{"line":61,"column":24}}],"line":61},"8":{"loc":{"start":{"line":64,"column":16},"end":{"line":68,"column":17}},"type":"if","locations":[{"start":{"line":64,"column":16},"end":{"line":68,"column":17}},{"start":{"line":66,"column":23},"end":{"line":68,"column":17}}],"line":64}},"s":{"0":1,"1":1,"2":1,"3":1,"4":2,"5":2,"6":2,"7":0,"8":0,"9":2,"10":2,"11":1,"12":1,"13":1,"14":0,"15":1,"16":13,"17":13,"18":13,"19":0,"20":13,"21":9,"22":9,"23":9,"24":0,"25":9,"26":0,"27":0,"28":0,"29":0,"30":0,"31":1},"f":{"0":1,"1":2,"2":2,"3":2,"4":1,"5":1,"6":13,"7":13,"8":13,"9":9,"10":9,"11":9,"12":0,"13":0,"14":0},"b":{"0":[0,2],"1":[1,0],"2":[0,1],"3":[12],"4":[0,13],"5":[0],"6":[0,9],"7":[0],"8":[0,0]},"_coverageSchema":"1a1c01bbd47fc00a2c39e90264f33305004495a9","hash":"9aaafdb233003ecf261ba23bef875cffb02e4678"}
,"/home/lifan/Univer/Pweb/Sudoku-CRUD/backend/middleware/auth.js": {"path":"/home/lifan/Univer/Pweb/Sudoku-CRUD/backend/middleware/auth.js","statementMap":{"0":{"start":{"line":1,"column":17},"end":{"line":1,"column":40}},"1":{"start":{"line":2,"column":43},"end":{"line":2,"column":75}},"2":{"start":{"line":3,"column":13},"end":{"line":3,"column":38}},"3":{"start":{"line":6,"column":26},"end":{"line":42,"column":1}},"4":{"start":{"line":7,"column":23},"end":{"line":7,"column":51}},"5":{"start":{"line":8,"column":18},"end":{"line":8,"column":56}},"6":{"start":{"line":10,"column":4},"end":{"line":15,"column":5}},"7":{"start":{"line":11,"column":8},"end":{"line":14,"column":11}},"8":{"start":{"line":17,"column":4},"end":{"line":41,"column":5}},"9":{"start":{"line":18,"column":24},"end":{"line":18,"column":46}},"10":{"start":{"line":21,"column":21},"end":{"line":21,"column":52}},"11":{"start":{"line":22,"column":8},"end":{"line":27,"column":9}},"12":{"start":{"line":23,"column":12},"end":{"line":26,"column":15}},"13":{"start":{"line":29,"column":8},"end":{"line":33,"column":10}},"14":{"start":{"line":35,"column":8},"end":{"line":35,"column":15}},"15":{"start":{"line":37,"column":8},"end":{"line":40,"column":11}},"16":{"start":{"line":45,"column":21},"end":{"line":69,"column":1}},"17":{"start":{"line":46,"column":23},"end":{"line":46,"column":51}},"18":{"start":{"line":47,"column":18},"end":{"line":47,"column":56}},"19":{"start":{"line":49,"column":4},"end":{"line":52,"column":5}},"20":{"start":{"line":50,"column":8},"end":{"line":50,"column":39}},"21":{"start":{"line":51,"column":8},"end":{"line":51,"column":22}},"22":{"start":{"line":54,"column":4},"end":{"line":66,"column":5}},"23":{"start":{"line":55,"column":24},"end":{"line":55,"column":46}},"24":{"start":{"line":56,"column":21},"end":{"line":56,"column":52}},"25":{"start":{"line":58,"column":8},"end":{"line":62,"column":32}},"26":{"start":{"line":65,"column":8},"end":{"line":65,"column":39}},"27":{"start":{"line":68,"column":4},"end":{"line":68,"column":11}},"28":{"start":{"line":72,"column":26},"end":{"line":98,"column":1}},"29":{"start":{"line":73,"column":4},"end":{"line":97,"column":6}},"30":{"start":{"line":74,"column":8},"end":{"line":79,"column":9}},"31":{"start":{"line":75,"column":12},"end":{"line":78,"column":15}},"32":{"start":{"line":81,"column":30},"end":{"line":85,"column":9}},"33":{"start":{"line":87,"column":8},"end":{"line":94,"column":9}},"34":{"start":{"line":88,"column":12},"end":{"line":93,"column":15}},"35":{"start":{"line":96,"column":8},"end":{"line":96,"column":15}},"36":{"start":{"line":101,"column":20},"end":{"line":123,"column":1}},"37":{"start":{"line":102,"column":22},"end":{"line":102,"column":60}},"38":{"start":{"line":104,"column":4},"end":{"line":122,"column":6}},"39":{"start":{"line":105,"column":8},"end":{"line":110,"column":9}},"40":{"start":{"line":106,"column":12},"end":{"line":109,"column":15}},"41":{"start":{"line":112,"column":8},"end":{"line":119,"column":9}},"42":{"start":{"line":113,"column":12},"end":{"line":118,"column":15}},"43":{"start":{"line":121,"column":8},"end":{"line":121,"column":15}},"44":{"start":{"line":126,"column":21},"end":{"line":126,"column":41}},"45":{"start":{"line":129,"column":27},"end":{"line":129,"column":57}},"46":{"start":{"line":131,"column":0},"end":{"line":138,"column":2}}},"fnMap":{"0":{"name":"(anonymous_0)","decl":{"start":{"line":6,"column":26},"end":{"line":6,"column":27}},"loc":{"start":{"line":6,"column":52},"end":{"line":42,"column":1}},"line":6},"1":{"name":"(anonymous_1)","decl":{"start":{"line":45,"column":21},"end":{"line":45,"column":22}},"loc":{"start":{"line":45,"column":47},"end":{"line":69,"column":1}},"line":45},"2":{"name":"(anonymous_2)","decl":{"start":{"line":72,"column":26},"end":{"line":72,"column":27}},"loc":{"start":{"line":72,"column":59},"end":{"line":98,"column":1}},"line":72},"3":{"name":"(anonymous_3)","decl":{"start":{"line":73,"column":11},"end":{"line":73,"column":12}},"loc":{"start":{"line":73,"column":31},"end":{"line":97,"column":5}},"line":73},"4":{"name":"(anonymous_4)","decl":{"start":{"line":101,"column":20},"end":{"line":101,"column":21}},"loc":{"start":{"line":101,"column":31},"end":{"line":123,"column":1}},"line":101},"5":{"name":"(anonymous_5)","decl":{"start":{"line":104,"column":11},"end":{"line":104,"column":12}},"loc":{"start":{"line":104,"column":31},"end":{"line":122,"column":5}},"line":104}},"branchMap":{"0":{"loc":{"start":{"line":8,"column":18},"end":{"line":8,"column":56}},"type":"binary-expr","locations":[{"start":{"line":8,"column":18},"end":{"line":8,"column":28}},{"start":{"line":8,"column":32},"end":{"line":8,"column":56}}],"line":8},"1":{"loc":{"start":{"line":10,"column":4},"end":{"line":15,"column":5}},"type":"if","locations":[{"start":{"line":10,"column":4},"end":{"line":15,"column":5}},{"start":{},"end":{}}],"line":10},"2":{"loc":{"start":{"line":22,"column":8},"end":{"line":27,"column":9}},"type":"if","locations":[{"start":{"line":22,"column":8},"end":{"line":27,"column":9}},{"start":{},"end":{}}],"line":22},"3":{"loc":{"start":{"line":47,"column":18},"end":{"line":47,"column":56}},"type":"binary-expr","locations":[{"start":{"line":47,"column":18},"end":{"line":47,"column":28}},{"start":{"line":47,"column":32},"end":{"line":47,"column":56}}],"line":47},"4":{"loc":{"start":{"line":49,"column":4},"end":{"line":52,"column":5}},"type":"if","locations":[{"start":{"line":49,"column":4},"end":{"line":52,"column":5}},{"start":{},"end":{}}],"line":49},"5":{"loc":{"start":{"line":58,"column":19},"end":{"line":62,"column":31}},"type":"cond-expr","locations":[{"start":{"line":58,"column":26},"end":{"line":62,"column":9}},{"start":{"line":62,"column":12},"end":{"line":62,"column":31}}],"line":58},"6":{"loc":{"start":{"line":72,"column":39},"end":{"line":72,"column":54}},"type":"default-arg","locations":[{"start":{"line":72,"column":50},"end":{"line":72,"column":54}}],"line":72},"7":{"loc":{"start":{"line":74,"column":8},"end":{"line":79,"column":9}},"type":"if","locations":[{"start":{"line":74,"column":8},"end":{"line":79,"column":9}},{"start":{},"end":{}}],"line":74},"8":{"loc":{"start":{"line":87,"column":8},"end":{"line":94,"column":9}},"type":"if","locations":[{"start":{"line":87,"column":8},"end":{"line":94,"column":9}},{"start":{},"end":{}}],"line":87},"9":{"loc":{"start":{"line":102,"column":22},"end":{"line":102,"column":60}},"type":"cond-expr","locations":[{"start":{"line":102,"column":45},"end":{"line":102,"column":50}},{"start":{"line":102,"column":53},"end":{"line":102,"column":60}}],"line":102},"10":{"loc":{"start":{"line":105,"column":8},"end":{"line":110,"column":9}},"type":"if","locations":[{"start":{"line":105,"column":8},"end":{"line":110,"column":9}},{"start":{},"end":{}}],"line":105},"11":{"loc":{"start":{"line":112,"column":8},"end":{"line":119,"column":9}},"type":"if","locations":[{"start":{"line":112,"column":8},"end":{"line":119,"column":9}},{"start":{},"end":{}}],"line":112}},"s":{"0":1,"1":1,"2":1,"3":1,"4":2,"5":2,"6":2,"7":1,"8":1,"9":1,"10":1,"11":1,"12":0,"13":1,"14":1,"15":0,"16":1,"17":0,"18":0,"19":0,"20":0,"21":0,"22":0,"23":0,"24":0,"25":0,"26":0,"27":0,"28":1,"29":0,"30":0,"31":0,"32":0,"33":0,"34":0,"35":0,"36":1,"37":2,"38":2,"39":0,"40":0,"41":0,"42":0,"43":0,"44":1,"45":1,"46":1},"f":{"0":2,"1":0,"2":0,"3":0,"4":2,"5":0},"b":{"0":[2,1],"1":[1,1],"2":[0,1],"3":[0,0],"4":[0,0],"5":[0,0],"6":[0],"7":[0,0],"8":[0,0],"9":[1,1],"10":[0,0],"11":[0,0]},"_coverageSchema":"1a1c01bbd47fc00a2c39e90264f33305004495a9","hash":"f2c814007ed2b6827ac8394beef29f3fde5a1d95"}
,"/home/lifan/Univer/Pweb/Sudoku-CRUD/backend/middleware/errorHandler.js": {"path":"/home/lifan/Univer/Pweb/Sudoku-CRUD/backend/middleware/errorHandler.js","statementMap":{"0":{"start":{"line":1,"column":21},"end":{"line":56,"column":1}},"1":{"start":{"line":2,"column":2},"end":{"line":2,"column":43}},"2":{"start":{"line":5,"column":14},"end":{"line":8,"column":3}},"3":{"start":{"line":11,"column":2},"end":{"line":16,"column":3}},"4":{"start":{"line":12,"column":6},"end":{"line":15,"column":8}},"5":{"start":{"line":18,"column":2},"end":{"line":23,"column":3}},"6":{"start":{"line":19,"column":6},"end":{"line":22,"column":8}},"7":{"start":{"line":26,"column":2},"end":{"line":32,"column":3}},"8":{"start":{"line":27,"column":6},"end":{"line":31,"column":8}},"9":{"start":{"line":35,"column":2},"end":{"line":40,"column":3}},"10":{"start":{"line":36,"column":6},"end":{"line":39,"column":8}},"11":{"start":{"line":43,"column":2},"end":{"line":48,"column":3}},"12":{"start":{"line":44,"column":6},"end":{"line":47,"column":8}},"13":{"start":{"line":51,"column":2},"end":{"line":55,"column":5}},"14":{"start":{"line":58,"column":0},"end":{"line":58,"column":30}}},"fnMap":{"0":{"name":"(anonymous_0)","decl":{"start":{"line":1,"column":21},"end":{"line":1,"column":22}},"loc":{"start":{"line":1,"column":46},"end":{"line":56,"column":1}},"line":1}},"branchMap":{"0":{"loc":{"start":{"line":6,"column":15},"end":{"line":6,"column":53}},"type":"binary-expr","locations":[{"start":{"line":6,"column":15},"end":{"line":6,"column":26}},{"start":{"line":6,"column":30},"end":{"line":6,"column":53}}],"line":6},"1":{"loc":{"start":{"line":7,"column":14},"end":{"line":7,"column":31}},"type":"binary-expr","locations":[{"start":{"line":7,"column":14},"end":{"line":7,"column":24}},{"start":{"line":7,"column":28},"end":{"line":7,"column":31}}],"line":7},"2":{"loc":{"start":{"line":11,"column":2},"end":{"line":16,"column":3}},"type":"if","locations":[{"start":{"line":11,"column":2},"end":{"line":16,"column":3}},{"start":{},"end":{}}],"line":11},"3":{"loc":{"start":{"line":18,"column":2},"end":{"line":23,"column":3}},"type":"if","locations":[{"start":{"line":18,"column":2},"end":{"line":23,"column":3}},{"start":{},"end":{}}],"line":18},"4":{"loc":{"start":{"line":26,"column":2},"end":{"line":32,"column":3}},"type":"if","locations":[{"start":{"line":26,"column":2},"end":{"line":32,"column":3}},{"start":{},"end":{}}],"line":26},"5":{"loc":{"start":{"line":35,"column":2},"end":{"line":40,"column":3}},"type":"if","locations":[{"start":{"line":35,"column":2},"end":{"line":40,"column":3}},{"start":{},"end":{}}],"line":35},"6":{"loc":{"start":{"line":43,"column":2},"end":{"line":48,"column":3}},"type":"if","locations":[{"start":{"line":43,"column":2},"end":{"line":48,"column":3}},{"start":{},"end":{}}],"line":43},"7":{"loc":{"start":{"line":53,"column":10},"end":{"line":53,"column":72}},"type":"binary-expr","locations":[{"start":{"line":53,"column":10},"end":{"line":53,"column":48}},{"start":{"line":53,"column":52},"end":{"line":53,"column":72}}],"line":53},"8":{"loc":{"start":{"line":54,"column":10},"end":{"line":54,"column":53}},"type":"binary-expr","locations":[{"start":{"line":54,"column":10},"end":{"line":54,"column":23}},{"start":{"line":54,"column":27},"end":{"line":54,"column":53}}],"line":54}},"s":{"0":1,"1":0,"2":0,"3":0,"4":0,"5":0,"6":0,"7":0,"8":0,"9":0,"10":0,"11":0,"12":0,"13":0,"14":1},"f":{"0":0},"b":{"0":[0,0],"1":[0,0],"2":[0,0],"3":[0,0],"4":[0,0],"5":[0,0],"6":[0,0],"7":[0,0],"8":[0,0]},"_coverageSchema":"1a1c01bbd47fc00a2c39e90264f33305004495a9","hash":"476334d65043e2a83d76ddec8615769b55ffbd18"}
,"/home/lifan/Univer/Pweb/Sudoku-CRUD/backend/models/User.js": {"path":"/home/lifan/Univer/Pweb/Sudoku-CRUD/backend/models/User.js","statementMap":{"0":{"start":{"line":1,"column":11},"end":{"line":1,"column":40}},"1":{"start":{"line":2,"column":15},"end":{"line":2,"column":34}},"2":{"start":{"line":6,"column":54},"end":{"line":6,"column":62}},"3":{"start":{"line":7,"column":31},"end":{"line":7,"column":62}},"4":{"start":{"line":9,"column":20},"end":{"line":12,"column":9}},"5":{"start":{"line":13,"column":23},"end":{"line":13,"column":74}},"6":{"start":{"line":14,"column":8},"end":{"line":14,"column":25}},"7":{"start":{"line":18,"column":20},"end":{"line":18,"column":83}},"8":{"start":{"line":19,"column":8},"end":{"line":19,"column":39}},"9":{"start":{"line":23,"column":20},"end":{"line":23,"column":60}},"10":{"start":{"line":24,"column":8},"end":{"line":24,"column":45}},"11":{"start":{"line":28,"column":8},"end":{"line":28,"column":67}},"12":{"start":{"line":32,"column":20},"end":{"line":32,"column":60}},"13":{"start":{"line":33,"column":23},"end":{"line":33,"column":52}},"14":{"start":{"line":34,"column":8},"end":{"line":34,"column":34}},"15":{"start":{"line":38,"column":20},"end":{"line":38,"column":52}},"16":{"start":{"line":39,"column":23},"end":{"line":39,"column":46}},"17":{"start":{"line":40,"column":8},"end":{"line":40,"column":34}},"18":{"start":{"line":44,"column":20},"end":{"line":44,"column":95}},"19":{"start":{"line":45,"column":8},"end":{"line":45,"column":33}},"20":{"start":{"line":49,"column":0},"end":{"line":49,"column":22}}},"fnMap":{"0":{"name":"(anonymous_0)","decl":{"start":{"line":5,"column":4},"end":{"line":5,"column":5}},"loc":{"start":{"line":5,"column":34},"end":{"line":15,"column":5}},"line":5},"1":{"name":"(anonymous_1)","decl":{"start":{"line":17,"column":4},"end":{"line":17,"column":5}},"loc":{"start":{"line":17,"column":30},"end":{"line":20,"column":5}},"line":17},"2":{"name":"(anonymous_2)","decl":{"start":{"line":22,"column":4},"end":{"line":22,"column":5}},"loc":{"start":{"line":22,"column":42},"end":{"line":25,"column":5}},"line":22},"3":{"name":"(anonymous_3)","decl":{"start":{"line":27,"column":4},"end":{"line":27,"column":5}},"loc":{"start":{"line":27,"column":65},"end":{"line":29,"column":5}},"line":27},"4":{"name":"(anonymous_4)","decl":{"start":{"line":31,"column":4},"end":{"line":31,"column":5}},"loc":{"start":{"line":31,"column":38},"end":{"line":35,"column":5}},"line":31},"5":{"name":"(anonymous_5)","decl":{"start":{"line":37,"column":4},"end":{"line":37,"column":5}},"loc":{"start":{"line":37,"column":28},"end":{"line":41,"column":5}},"line":37},"6":{"name":"(anonymous_6)","decl":{"start":{"line":43,"column":4},"end":{"line":43,"column":5}},"loc":{"start":{"line":43,"column":27},"end":{"line":46,"column":5}},"line":43}},"branchMap":{"0":{"loc":{"start":{"line":6,"column":36},"end":{"line":6,"column":49}},"type":"default-arg","locations":[{"start":{"line":6,"column":43},"end":{"line":6,"column":49}}],"line":6}},"s":{"0":1,"1":1,"2":1,"3":1,"4":1,"5":1,"6":1,"7":3,"8":3,"9":6,"10":6,"11":4,"12":0,"13":0,"14":0,"15":0,"16":0,"17":0,"18":0,"19":0,"20":1},"f":{"0":1,"1":3,"2":6,"3":4,"4":0,"5":0,"6":0},"b":{"0":[0]},"_coverageSchema":"1a1c01bbd47fc00a2c39e90264f33305004495a9","hash":"b9887327cc0227a82abbd772fe11fb8126cd3937"}
,"/home/lifan/Univer/Pweb/Sudoku-CRUD/backend/routes/auth.js": {"path":"/home/lifan/Univer/Pweb/Sudoku-CRUD/backend/routes/auth.js","statementMap":{"0":{"start":{"line":1,"column":16},"end":{"line":1,"column":34}},"1":{"start":{"line":2,"column":35},"end":{"line":2,"column":63}},"2":{"start":{"line":3,"column":13},"end":{"line":3,"column":38}},"3":{"start":{"line":4,"column":17},"end":{"line":4,"column":40}},"4":{"start":{"line":5,"column":30},"end":{"line":5,"column":59}},"5":{"start":{"line":7,"column":15},"end":{"line":7,"column":31}},"6":{"start":{"line":39,"column":0},"end":{"line":93,"column":3}},"7":{"start":{"line":49,"column":4},"end":{"line":92,"column":5}},"8":{"start":{"line":50,"column":23},"end":{"line":50,"column":44}},"9":{"start":{"line":51,"column":8},"end":{"line":56,"column":9}},"10":{"start":{"line":52,"column":12},"end":{"line":55,"column":15}},"11":{"start":{"line":58,"column":39},"end":{"line":58,"column":47}},"12":{"start":{"line":61,"column":29},"end":{"line":61,"column":64}},"13":{"start":{"line":62,"column":8},"end":{"line":67,"column":9}},"14":{"start":{"line":63,"column":12},"end":{"line":66,"column":15}},"15":{"start":{"line":70,"column":23},"end":{"line":70,"column":78}},"16":{"start":{"line":71,"column":21},"end":{"line":71,"column":48}},"17":{"start":{"line":74,"column":23},"end":{"line":74,"column":52}},"18":{"start":{"line":76,"column":8},"end":{"line":84,"column":11}},"19":{"start":{"line":87,"column":8},"end":{"line":87,"column":52}},"20":{"start":{"line":88,"column":8},"end":{"line":91,"column":11}},"21":{"start":{"line":121,"column":0},"end":{"line":174,"column":3}},"22":{"start":{"line":125,"column":4},"end":{"line":173,"column":5}},"23":{"start":{"line":126,"column":23},"end":{"line":126,"column":44}},"24":{"start":{"line":127,"column":8},"end":{"line":132,"column":9}},"25":{"start":{"line":128,"column":12},"end":{"line":131,"column":15}},"26":{"start":{"line":134,"column":39},"end":{"line":134,"column":47}},"27":{"start":{"line":137,"column":21},"end":{"line":137,"column":56}},"28":{"start":{"line":138,"column":8},"end":{"line":143,"column":9}},"29":{"start":{"line":139,"column":12},"end":{"line":142,"column":15}},"30":{"start":{"line":146,"column":32},"end":{"line":146,"column":84}},"31":{"start":{"line":147,"column":8},"end":{"line":152,"column":9}},"32":{"start":{"line":148,"column":12},"end":{"line":151,"column":15}},"33":{"start":{"line":155,"column":23},"end":{"line":155,"column":52}},"34":{"start":{"line":157,"column":8},"end":{"line":165,"column":11}},"35":{"start":{"line":168,"column":8},"end":{"line":168,"column":45}},"36":{"start":{"line":169,"column":8},"end":{"line":172,"column":11}},"37":{"start":{"line":190,"column":0},"end":{"line":216,"column":3}},"38":{"start":{"line":191,"column":4},"end":{"line":215,"column":5}},"39":{"start":{"line":192,"column":21},"end":{"line":192,"column":53}},"40":{"start":{"line":193,"column":8},"end":{"line":198,"column":9}},"41":{"start":{"line":194,"column":12},"end":{"line":197,"column":15}},"42":{"start":{"line":200,"column":8},"end":{"line":207,"column":11}},"43":{"start":{"line":210,"column":8},"end":{"line":210,"column":48}},"44":{"start":{"line":211,"column":8},"end":{"line":214,"column":11}},"45":{"start":{"line":241,"column":0},"end":{"line":272,"column":3}},"46":{"start":{"line":242,"column":4},"end":{"line":271,"column":5}},"47":{"start":{"line":243,"column":26},"end":{"line":243,"column":34}},"48":{"start":{"line":245,"column":8},"end":{"line":250,"column":9}},"49":{"start":{"line":246,"column":12},"end":{"line":249,"column":15}},"50":{"start":{"line":252,"column":24},"end":{"line":252,"column":46}},"51":{"start":{"line":254,"column":8},"end":{"line":263,"column":11}},"52":{"start":{"line":266,"column":8},"end":{"line":270,"column":11}},"53":{"start":{"line":274,"column":0},"end":{"line":274,"column":24}}},"fnMap":{"0":{"name":"(anonymous_0)","decl":{"start":{"line":48,"column":3},"end":{"line":48,"column":4}},"loc":{"start":{"line":48,"column":23},"end":{"line":93,"column":1}},"line":48},"1":{"name":"(anonymous_1)","decl":{"start":{"line":124,"column":3},"end":{"line":124,"column":4}},"loc":{"start":{"line":124,"column":23},"end":{"line":174,"column":1}},"line":124},"2":{"name":"(anonymous_2)","decl":{"start":{"line":190,"column":37},"end":{"line":190,"column":38}},"loc":{"start":{"line":190,"column":57},"end":{"line":216,"column":1}},"line":190},"3":{"name":"(anonymous_3)","decl":{"start":{"line":241,"column":29},"end":{"line":241,"column":30}},"loc":{"start":{"line":241,"column":43},"end":{"line":272,"column":1}},"line":241}},"branchMap":{"0":{"loc":{"start":{"line":51,"column":8},"end":{"line":56,"column":9}},"type":"if","locations":[{"start":{"line":51,"column":8},"end":{"line":56,"column":9}},{"start":{},"end":{}}],"line":51},"1":{"loc":{"start":{"line":62,"column":8},"end":{"line":67,"column":9}},"type":"if","locations":[{"start":{"line":62,"column":8},"end":{"line":67,"column":9}},{"start":{},"end":{}}],"line":62},"2":{"loc":{"start":{"line":127,"column":8},"end":{"line":132,"column":9}},"type":"if","locations":[{"start":{"line":127,"column":8},"end":{"line":132,"column":9}},{"start":{},"end":{}}],"line":127},"3":{"loc":{"start":{"line":138,"column":8},"end":{"line":143,"column":9}},"type":"if","locations":[{"start":{"line":138,"column":8},"end":{"line":143,"column":9}},{"start":{},"end":{}}],"line":138},"4":{"loc":{"start":{"line":147,"column":8},"end":{"line":152,"column":9}},"type":"if","locations":[{"start":{"line":147,"column":8},"end":{"line":152,"column":9}},{"start":{},"end":{}}],"line":147},"5":{"loc":{"start":{"line":193,"column":8},"end":{"line":198,"column":9}},"type":"if","locations":[{"start":{"line":193,"column":8},"end":{"line":198,"column":9}},{"start":{},"end":{}}],"line":193},"6":{"loc":{"start":{"line":245,"column":8},"end":{"line":250,"column":9}},"type":"if","locations":[{"start":{"line":245,"column":8},"end":{"line":250,"column":9}},{"start":{},"end":{}}],"line":245}},"s":{"0":1,"1":1,"2":1,"3":1,"4":1,"5":1,"6":1,"7":3,"8":3,"9":3,"10":1,"11":2,"12":2,"13":2,"14":1,"15":1,"16":1,"17":1,"18":1,"19":0,"20":0,"21":1,"22":4,"23":4,"24":4,"25":0,"26":4,"27":4,"28":4,"29":0,"30":4,"31":4,"32":1,"33":3,"34":3,"35":0,"36":0,"37":1,"38":1,"39":1,"40":1,"41":0,"42":1,"43":0,"44":0,"45":1,"46":2,"47":2,"48":2,"49":0,"50":2,"51":1,"52":1,"53":1},"f":{"0":3,"1":4,"2":1,"3":2},"b":{"0":[1,2],"1":[1,1],"2":[0,4],"3":[0,4],"4":[1,3],"5":[0,1],"6":[0,2]},"_coverageSchema":"1a1c01bbd47fc00a2c39e90264f33305004495a9","hash":"6983a057924fcfee88f25b143504844f874716f8"}
,"/home/lifan/Univer/Pweb/Sudoku-CRUD/backend/scripts/initDatabase.js": {"path":"/home/lifan/Univer/Pweb/Sudoku-CRUD/backend/scripts/initDatabase.js","statementMap":{"0":{"start":{"line":1,"column":11},"end":{"line":1,"column":40}},"1":{"start":{"line":4,"column":4},"end":{"line":47,"column":5}},"2":{"start":{"line":6,"column":8},"end":{"line":8,"column":9}},"3":{"start":{"line":7,"column":12},"end":{"line":7,"column":31}},"4":{"start":{"line":11,"column":8},"end":{"line":19,"column":11}},"5":{"start":{"line":22,"column":8},"end":{"line":32,"column":11}},"6":{"start":{"line":35,"column":8},"end":{"line":35,"column":97}},"7":{"start":{"line":36,"column":8},"end":{"line":36,"column":97}},"8":{"start":{"line":37,"column":8},"end":{"line":37,"column":89}},"9":{"start":{"line":39,"column":8},"end":{"line":39,"column":58}},"10":{"start":{"line":40,"column":8},"end":{"line":40,"column":54}},"11":{"start":{"line":42,"column":8},"end":{"line":42,"column":20}},"12":{"start":{"line":45,"column":8},"end":{"line":45,"column":61}},"13":{"start":{"line":46,"column":8},"end":{"line":46,"column":20}},"14":{"start":{"line":51,"column":0},"end":{"line":53,"column":1}},"15":{"start":{"line":52,"column":4},"end":{"line":52,"column":19}},"16":{"start":{"line":55,"column":0},"end":{"line":55,"column":30}}},"fnMap":{"0":{"name":"initDatabase","decl":{"start":{"line":3,"column":15},"end":{"line":3,"column":27}},"loc":{"start":{"line":3,"column":30},"end":{"line":48,"column":1}},"line":3}},"branchMap":{"0":{"loc":{"start":{"line":6,"column":8},"end":{"line":8,"column":9}},"type":"if","locations":[{"start":{"line":6,"column":8},"end":{"line":8,"column":9}},{"start":{},"end":{}}],"line":6},"1":{"loc":{"start":{"line":51,"column":0},"end":{"line":53,"column":1}},"type":"if","locations":[{"start":{"line":51,"column":0},"end":{"line":53,"column":1}},{"start":{},"end":{}}],"line":51}},"s":{"0":1,"1":2,"2":2,"3":0,"4":2,"5":2,"6":2,"7":2,"8":2,"9":2,"10":2,"11":2,"12":0,"13":0,"14":1,"15":0,"16":1},"f":{"0":2},"b":{"0":[0,2],"1":[0,1]},"_coverageSchema":"1a1c01bbd47fc00a2c39e90264f33305004495a9","hash":"e861832c2ba1e59fefab82c636b263ad6b5e8c1a"}
,"/home/lifan/Univer/Pweb/Sudoku-CRUD/backend/utils/jwt.js": {"path":"/home/lifan/Univer/Pweb/Sudoku-CRUD/backend/utils/jwt.js","statementMap":{"0":{"start":{"line":1,"column":12},"end":{"line":1,"column":35}},"1":{"start":{"line":2,"column":0},"end":{"line":2,"column":27}},"2":{"start":{"line":4,"column":19},"end":{"line":4,"column":66}},"3":{"start":{"line":5,"column":23},"end":{"line":5,"column":58}},"4":{"start":{"line":9,"column":8},"end":{"line":16,"column":9}},"5":{"start":{"line":10,"column":12},"end":{"line":13,"column":15}},"6":{"start":{"line":15,"column":12},"end":{"line":15,"column":52}},"7":{"start":{"line":20,"column":8},"end":{"line":29,"column":9}},"8":{"start":{"line":21,"column":12},"end":{"line":21,"column":49}},"9":{"start":{"line":23,"column":12},"end":{"line":27,"column":13}},"10":{"start":{"line":24,"column":16},"end":{"line":24,"column":49}},"11":{"start":{"line":25,"column":19},"end":{"line":27,"column":13}},"12":{"start":{"line":26,"column":16},"end":{"line":26,"column":49}},"13":{"start":{"line":28,"column":12},"end":{"line":28,"column":57}},"14":{"start":{"line":33,"column":8},"end":{"line":37,"column":9}},"15":{"start":{"line":34,"column":12},"end":{"line":34,"column":37}},"16":{"start":{"line":36,"column":12},"end":{"line":36,"column":51}},"17":{"start":{"line":41,"column":24},"end":{"line":45,"column":9}},"18":{"start":{"line":47,"column":28},"end":{"line":47,"column":46}},"19":{"start":{"line":49,"column":8},"end":{"line":53,"column":10}},"20":{"start":{"line":57,"column":0},"end":{"line":57,"column":26}}},"fnMap":{"0":{"name":"(anonymous_0)","decl":{"start":{"line":8,"column":4},"end":{"line":8,"column":5}},"loc":{"start":{"line":8,"column":25},"end":{"line":17,"column":5}},"line":8},"1":{"name":"(anonymous_1)","decl":{"start":{"line":19,"column":4},"end":{"line":19,"column":5}},"loc":{"start":{"line":19,"column":25},"end":{"line":30,"column":5}},"line":19},"2":{"name":"(anonymous_2)","decl":{"start":{"line":32,"column":4},"end":{"line":32,"column":5}},"loc":{"start":{"line":32,"column":25},"end":{"line":38,"column":5}},"line":32},"3":{"name":"(anonymous_3)","decl":{"start":{"line":40,"column":4},"end":{"line":40,"column":5}},"loc":{"start":{"line":40,"column":32},"end":{"line":54,"column":5}},"line":40}},"branchMap":{"0":{"loc":{"start":{"line":4,"column":19},"end":{"line":4,"column":66}},"type":"binary-expr","locations":[{"start":{"line":4,"column":19},"end":{"line":4,"column":41}},{"start":{"line":4,"column":45},"end":{"line":4,"column":66}}],"line":4},"1":{"loc":{"start":{"line":5,"column":23},"end":{"line":5,"column":58}},"type":"binary-expr","locations":[{"start":{"line":5,"column":23},"end":{"line":5,"column":49}},{"start":{"line":5,"column":53},"end":{"line":5,"column":58}}],"line":5},"2":{"loc":{"start":{"line":23,"column":12},"end":{"line":27,"column":13}},"type":"if","locations":[{"start":{"line":23,"column":12},"end":{"line":27,"column":13}},{"start":{"line":25,"column":19},"end":{"line":27,"column":13}}],"line":23},"3":{"loc":{"start":{"line":25,"column":19},"end":{"line":27,"column":13}},"type":"if","locations":[{"start":{"line":25,"column":19},"end":{"line":27,"column":13}},{"start":{},"end":{}}],"line":25}},"s":{"0":1,"1":1,"2":1,"3":1,"4":4,"5":4,"6":0,"7":3,"8":3,"9":1,"10":0,"11":1,"12":1,"13":0,"14":0,"15":0,"16":0,"17":4,"18":4,"19":4,"20":1},"f":{"0":4,"1":3,"2":0,"3":4},"b":{"0":[1,0],"1":[1,0],"2":[0,1],"3":[1,0]},"_coverageSchema":"1a1c01bbd47fc00a2c39e90264f33305004495a9","hash":"b2774c922dd356b1d9db8615139b58da129b2af7"}
}
