TN:
SF:server.js
FN:73,(anonymous_0)
FN:85,(anonymous_1)
FN:101,(anonymous_2)
FN:110,startServer
FN:120,(anonymous_4)
FN:132,(anonymous_5)
FNF:6
FNH:2
FNDA:0,(anonymous_0)
FNDA:0,(anonymous_1)
FNDA:0,(anonymous_2)
FNDA:1,startServer
FNDA:1,(anonymous_4)
FNDA:0,(anonymous_5)
DA:1,1
DA:2,1
DA:3,1
DA:4,1
DA:5,1
DA:6,1
DA:7,1
DA:9,1
DA:10,1
DA:13,1
DA:15,1
DA:16,1
DA:19,1
DA:26,1
DA:27,1
DA:28,1
DA:29,1
DA:30,1
DA:33,1
DA:60,1
DA:61,1
DA:73,1
DA:74,0
DA:82,1
DA:85,1
DA:86,0
DA:98,1
DA:101,1
DA:102,0
DA:111,1
DA:112,1
DA:115,1
DA:116,1
DA:118,1
DA:120,1
DA:121,1
DA:122,1
DA:123,1
DA:126,0
DA:127,0
DA:132,1
DA:133,0
DA:134,0
DA:135,0
DA:138,1
DA:140,1
LF:46
LH:38
BRDA:16,0,0,1
BRDA:16,0,1,0
BRF:2
BRH:1
end_of_record
TN:
SF:config/permissions.js
FN:37,(anonymous_0)
FN:49,(anonymous_1)
FN:50,(anonymous_2)
FN:55,(anonymous_3)
FN:56,(anonymous_4)
FN:61,(anonymous_5)
FN:68,(anonymous_6)
FNF:7
FNH:0
FNDA:0,(anonymous_0)
FNDA:0,(anonymous_1)
FNDA:0,(anonymous_2)
FNDA:0,(anonymous_3)
FNDA:0,(anonymous_4)
FNDA:0,(anonymous_5)
FNDA:0,(anonymous_6)
DA:2,1
DA:9,1
DA:16,1
DA:23,1
DA:38,0
DA:40,0
DA:41,0
DA:42,0
DA:45,0
DA:46,0
DA:50,0
DA:51,0
DA:56,0
DA:57,0
DA:62,0
DA:63,0
DA:65,0
DA:69,0
DA:73,1
LF:19
LH:5
BRDA:37,0,0,0
BRDA:38,1,0,0
BRDA:38,1,1,0
BRDA:40,2,0,0
BRDA:40,2,1,0
BRDA:40,3,0,0
BRDA:40,3,1,0
BRDA:41,4,0,0
BRDA:41,4,1,0
BRDA:45,5,0,0
BRDA:45,5,1,0
BRDA:49,6,0,0
BRDA:55,7,0,0
BRDA:61,8,0,0
BRDA:62,9,0,0
BRDA:62,9,1,0
BRDA:62,10,0,0
BRDA:62,10,1,0
BRDA:63,11,0,0
BRDA:63,11,1,0
BRDA:65,12,0,0
BRDA:65,12,1,0
BRF:22
BRH:0
end_of_record
TN:
SF:database/config.js
FN:7,(anonymous_0)
FN:11,(anonymous_1)
FN:12,(anonymous_2)
FN:13,(anonymous_3)
FN:25,(anonymous_4)
FN:27,(anonymous_5)
FN:37,(anonymous_6)
FN:38,(anonymous_7)
FN:39,(anonymous_8)
FN:49,(anonymous_9)
FN:50,(anonymous_10)
FN:51,(anonymous_11)
FN:61,(anonymous_12)
FN:62,(anonymous_13)
FN:63,(anonymous_14)
FNF:15
FNH:12
FNDA:1,(anonymous_0)
FNDA:2,(anonymous_1)
FNDA:2,(anonymous_2)
FNDA:2,(anonymous_3)
FNDA:1,(anonymous_4)
FNDA:1,(anonymous_5)
FNDA:13,(anonymous_6)
FNDA:13,(anonymous_7)
FNDA:13,(anonymous_8)
FNDA:9,(anonymous_9)
FNDA:9,(anonymous_10)
FNDA:9,(anonymous_11)
FNDA:0,(anonymous_12)
FNDA:0,(anonymous_13)
FNDA:0,(anonymous_14)
DA:1,1
DA:2,1
DA:4,1
DA:8,1
DA:12,2
DA:13,2
DA:14,2
DA:15,0
DA:16,0
DA:18,2
DA:19,2
DA:26,1
DA:27,1
DA:28,1
DA:29,0
DA:31,1
DA:38,13
DA:39,13
DA:40,13
DA:41,0
DA:43,13
DA:50,9
DA:51,9
DA:52,9
DA:53,0
DA:55,9
DA:62,0
DA:63,0
DA:64,0
DA:65,0
DA:67,0
DA:74,1
LF:32
LH:22
BRDA:14,0,0,0
BRDA:14,0,1,2
BRDA:26,1,0,1
BRDA:26,1,1,0
BRDA:28,2,0,0
BRDA:28,2,1,1
BRDA:37,3,0,12
BRDA:40,4,0,0
BRDA:40,4,1,13
BRDA:49,5,0,0
BRDA:52,6,0,0
BRDA:52,6,1,9
BRDA:61,7,0,0
BRDA:64,8,0,0
BRDA:64,8,1,0
BRF:15
BRH:6
end_of_record
TN:
SF:middleware/auth.js
FN:6,(anonymous_0)
FN:45,(anonymous_1)
FN:72,(anonymous_2)
FN:73,(anonymous_3)
FN:101,(anonymous_4)
FN:104,(anonymous_5)
FNF:6
FNH:2
FNDA:2,(anonymous_0)
FNDA:0,(anonymous_1)
FNDA:0,(anonymous_2)
FNDA:0,(anonymous_3)
FNDA:2,(anonymous_4)
FNDA:0,(anonymous_5)
DA:1,1
DA:2,1
DA:3,1
DA:6,1
DA:7,2
DA:8,2
DA:10,2
DA:11,1
DA:17,1
DA:18,1
DA:21,1
DA:22,1
DA:23,0
DA:29,1
DA:35,1
DA:37,0
DA:45,1
DA:46,0
DA:47,0
DA:49,0
DA:50,0
DA:51,0
DA:54,0
DA:55,0
DA:56,0
DA:58,0
DA:65,0
DA:68,0
DA:72,1
DA:73,0
DA:74,0
DA:75,0
DA:81,0
DA:87,0
DA:88,0
DA:96,0
DA:101,1
DA:102,2
DA:104,2
DA:105,0
DA:106,0
DA:112,0
DA:113,0
DA:121,0
DA:126,1
DA:129,1
DA:131,1
LF:47
LH:22
BRDA:8,0,0,2
BRDA:8,0,1,1
BRDA:10,1,0,1
BRDA:10,1,1,1
BRDA:22,2,0,0
BRDA:22,2,1,1
BRDA:47,3,0,0
BRDA:47,3,1,0
BRDA:49,4,0,0
BRDA:49,4,1,0
BRDA:58,5,0,0
BRDA:58,5,1,0
BRDA:72,6,0,0
BRDA:74,7,0,0
BRDA:74,7,1,0
BRDA:87,8,0,0
BRDA:87,8,1,0
BRDA:102,9,0,1
BRDA:102,9,1,1
BRDA:105,10,0,0
BRDA:105,10,1,0
BRDA:112,11,0,0
BRDA:112,11,1,0
BRF:23
BRH:7
end_of_record
TN:
SF:middleware/errorHandler.js
FN:1,(anonymous_0)
FNF:1
FNH:0
FNDA:0,(anonymous_0)
DA:1,1
DA:2,0
DA:5,0
DA:11,0
DA:12,0
DA:18,0
DA:19,0
DA:26,0
DA:27,0
DA:35,0
DA:36,0
DA:43,0
DA:44,0
DA:51,0
DA:58,1
LF:15
LH:2
BRDA:6,0,0,0
BRDA:6,0,1,0
BRDA:7,1,0,0
BRDA:7,1,1,0
BRDA:11,2,0,0
BRDA:11,2,1,0
BRDA:18,3,0,0
BRDA:18,3,1,0
BRDA:26,4,0,0
BRDA:26,4,1,0
BRDA:35,5,0,0
BRDA:35,5,1,0
BRDA:43,6,0,0
BRDA:43,6,1,0
BRDA:53,7,0,0
BRDA:53,7,1,0
BRDA:54,8,0,0
BRDA:54,8,1,0
BRF:18
BRH:0
end_of_record
TN:
SF:models/User.js
FN:5,(anonymous_0)
FN:17,(anonymous_1)
FN:22,(anonymous_2)
FN:27,(anonymous_3)
FN:31,(anonymous_4)
FN:37,(anonymous_5)
FN:43,(anonymous_6)
FNF:7
FNH:4
FNDA:1,(anonymous_0)
FNDA:3,(anonymous_1)
FNDA:6,(anonymous_2)
FNDA:4,(anonymous_3)
FNDA:0,(anonymous_4)
FNDA:0,(anonymous_5)
FNDA:0,(anonymous_6)
DA:1,1
DA:2,1
DA:6,1
DA:7,1
DA:9,1
DA:13,1
DA:14,1
DA:18,3
DA:19,3
DA:23,6
DA:24,6
DA:28,4
DA:32,0
DA:33,0
DA:34,0
DA:38,0
DA:39,0
DA:40,0
DA:44,0
DA:45,0
DA:49,1
LF:21
LH:13
BRDA:6,0,0,0
BRF:1
BRH:0
end_of_record
TN:
SF:routes/auth.js
FN:48,(anonymous_0)
FN:124,(anonymous_1)
FN:190,(anonymous_2)
FN:241,(anonymous_3)
FNF:4
FNH:4
FNDA:3,(anonymous_0)
FNDA:4,(anonymous_1)
FNDA:1,(anonymous_2)
FNDA:2,(anonymous_3)
DA:1,1
DA:2,1
DA:3,1
DA:4,1
DA:5,1
DA:7,1
DA:39,1
DA:49,3
DA:50,3
DA:51,3
DA:52,1
DA:58,2
DA:61,2
DA:62,2
DA:63,1
DA:70,1
DA:71,1
DA:74,1
DA:76,1
DA:87,0
DA:88,0
DA:121,1
DA:125,4
DA:126,4
DA:127,4
DA:128,0
DA:134,4
DA:137,4
DA:138,4
DA:139,0
DA:146,4
DA:147,4
DA:148,1
DA:155,3
DA:157,3
DA:168,0
DA:169,0
DA:190,1
DA:191,1
DA:192,1
DA:193,1
DA:194,0
DA:200,1
DA:210,0
DA:211,0
DA:241,1
DA:242,2
DA:243,2
DA:245,2
DA:246,0
DA:252,2
DA:254,1
DA:266,1
DA:274,1
LF:54
LH:44
BRDA:51,0,0,1
BRDA:51,0,1,2
BRDA:62,1,0,1
BRDA:62,1,1,1
BRDA:127,2,0,0
BRDA:127,2,1,4
BRDA:138,3,0,0
BRDA:138,3,1,4
BRDA:147,4,0,1
BRDA:147,4,1,3
BRDA:193,5,0,0
BRDA:193,5,1,1
BRDA:245,6,0,0
BRDA:245,6,1,2
BRF:14
BRH:10
end_of_record
TN:
SF:scripts/initDatabase.js
FN:3,initDatabase
FNF:1
FNH:1
FNDA:2,initDatabase
DA:1,1
DA:4,2
DA:6,2
DA:7,0
DA:11,2
DA:22,2
DA:35,2
DA:36,2
DA:37,2
DA:39,2
DA:40,2
DA:42,2
DA:45,0
DA:46,0
DA:51,1
DA:52,0
DA:55,1
LF:17
LH:13
BRDA:6,0,0,0
BRDA:6,0,1,2
BRDA:51,1,0,0
BRDA:51,1,1,1
BRF:4
BRH:2
end_of_record
TN:
SF:utils/jwt.js
FN:8,(anonymous_0)
FN:19,(anonymous_1)
FN:32,(anonymous_2)
FN:40,(anonymous_3)
FNF:4
FNH:3
FNDA:4,(anonymous_0)
FNDA:3,(anonymous_1)
FNDA:0,(anonymous_2)
FNDA:4,(anonymous_3)
DA:1,1
DA:2,1
DA:4,1
DA:5,1
DA:9,4
DA:10,4
DA:15,0
DA:20,3
DA:21,3
DA:23,1
DA:24,0
DA:25,1
DA:26,1
DA:28,0
DA:33,0
DA:34,0
DA:36,0
DA:41,4
DA:47,4
DA:49,4
DA:57,1
LF:21
LH:15
BRDA:4,0,0,1
BRDA:4,0,1,0
BRDA:5,1,0,1
BRDA:5,1,1,0
BRDA:23,2,0,0
BRDA:23,2,1,1
BRDA:25,3,0,1
BRDA:25,3,1,0
BRF:8
BRH:4
end_of_record
